<?xml version="1.0" encoding="UTF-8"?>
<!-- Generated by org.testng.reporters.JUnitReportReporter -->
<testsuite hostname="LIN-G5PB1J3" failures="0" tests="1" name="Intro.Child" time="0.008" errors="0" timestamp="2024-04-04T11:26:33 IST" skipped="0">
  <testcase classname="Intro.Child" name="myname" time="0.008"/>
  <system-out/>
</testsuite> <!-- Intro.Child -->
