<?xml version="1.0" encoding="UTF-8"?>
<!-- Generated by org.testng.reporters.JUnitReportReporter -->
<testsuite hostname="LIN-G5PB1J3" failures="0" tests="3" name="Strems.Stream_example_1" time="0.026" errors="0" timestamp="2 Apr 2024 14:05:38 GMT">
  <testcase classname="Strems.Stream_example_1" name="Streamcollect" time="0.014"/>
  <testcase classname="Strems.Stream_example_1" name="regular" time="0.002"/>
  <testcase classname="Strems.Stream_example_1" name="streamfilter" time="0.010"/>
</testsuite> <!-- Strems.Stream_example_1 -->
