<?xml version="1.0" encoding="UTF-8"?>
<!-- Generated by org.testng.reporters.JUnitReportReporter -->
<testsuite hostname="LIN-G5PB1J3" failures="0" tests="4" name="test.Testing1" time="0.015" errors="0" timestamp="2024-04-03T16:56:50 IST" skipped="0">
  <testcase classname="test.Testing1" name="geturlname" time="0.009"/>
  <system-out/>
  <testcase classname="test.Testing1" name="logindata" time="0.001"/>
  <system-out/>
  <testcase classname="test.Testing1" name="logindata" time="0.001"/>
  <system-out/>
  <testcase classname="test.Testing1" name="logindata" time="0.004"/>
  <system-out/>
</testsuite> <!-- test.Testing1 -->
