<?xml version="1.0" encoding="UTF-8"?>
<!-- Generated by org.testng.reporters.JUnitReportReporter -->
<testsuite hostname="LIN-G5PB1J3" failures="0" tests="3" name="test.DemoTest" time="0.019" errors="0" timestamp="2024-04-03T14:43:58 IST" skipped="0">
  <testcase classname="test.DemoTest" name="gaurantee3" time="0.008"/>
  <system-out/>
  <testcase classname="test.DemoTest" name="bikeloan" time="0.009"/>
  <system-out/>
  <testcase classname="test.DemoTest" name="carloan" time="0.002"/>
  <system-out/>
</testsuite> <!-- test.DemoTest -->
