<?xml version="1.0" encoding="UTF-8"?>
<!-- Generated by org.testng.reporters.JUnitReportReporter -->
<testsuite hostname="LIN-G5PB1J3" failures="0" tests="1" name="test.BasicTest2" time="0.002" errors="0" timestamp="2024-04-03T14:40:57 IST" skipped="0">
  <testcase classname="test.BasicTest2" name="gaurantee2" time="0.002"/>
  <system-out/>
</testsuite> <!-- test.BasicTest2 -->
